<?xml version="1.0" encoding="UTF-8"?>
<testng-results ignored="0" total="1" passed="1" failed="0" skipped="0">
  <reporter-output>
  </reporter-output>
  <suite started-at="2026-07-19T20:07:53 IST" name="Suite" finished-at="2026-07-19T20:08:09 IST" duration-ms="15982">
    <groups>
    </groups>
    <test started-at="2026-07-19T20:07:53 IST" name="Test" finished-at="2026-07-19T20:08:09 IST" duration-ms="15982">
      <class name="basics.DropDown">
        <test-method signature="selectDropDown()[pri:0, instance:basics.DropDown@15ff3e9e]" started-at="2026-07-19T20:07:53 IST" name="selectDropDown" finished-at="2026-07-19T20:08:09 IST" duration-ms="15672" status="PASS">
          <reporter-output>
          </reporter-output>
        </test-method> <!-- selectDropDown -->
        <test-method is-config="true" signature="tearDown()[pri:0, instance:basics.DropDown@15ff3e9e]" started-at="2026-07-19T20:08:09 IST" name="tearDown" finished-at="2026-07-19T20:08:09 IST" duration-ms="244" status="PASS">
          <reporter-output>
          </reporter-output>
        </test-method> <!-- tearDown -->
      </class> <!-- basics.DropDown -->
    </test> <!-- Test -->
  </suite> <!-- Suite -->
</testng-results>
