<?xml version="1.0" encoding="UTF-8"?>
<testng-results ignored="0" total="2" passed="2" failed="0" skipped="0">
  <reporter-output>
  </reporter-output>
  <suite started-at="2026-07-20T12:50:10 IST" name="Suite" finished-at="2026-07-20T12:50:47 IST" duration-ms="36453">
    <groups>
    </groups>
    <test started-at="2026-07-20T12:50:10 IST" name="Test1" finished-at="2026-07-20T12:50:27 IST" duration-ms="16628">
      <class name="basics.DropDown">
        <test-method is-config="true" signature="browserSetup(java.lang.String)[pri:0, instance:basics.DropDown@682b2fa]" started-at="2026-07-20T12:50:10 IST" name="browserSetup" finished-at="2026-07-20T12:50:13 IST" duration-ms="3199" status="PASS">
          <params>
            <param index="0">
              <value>
                <![CDATA[chrome]]>
              </value>
            </param>
          </params>
          <reporter-output>
          </reporter-output>
        </test-method> <!-- browserSetup -->
        <test-method signature="selectDropDown()[pri:0, instance:basics.DropDown@682b2fa]" started-at="2026-07-20T12:50:13 IST" name="selectDropDown" finished-at="2026-07-20T12:50:26 IST" duration-ms="12998" status="PASS">
          <reporter-output>
          </reporter-output>
        </test-method> <!-- selectDropDown -->
        <test-method is-config="true" signature="tearDown()[pri:0, instance:basics.DropDown@682b2fa]" started-at="2026-07-20T12:50:27 IST" name="tearDown" finished-at="2026-07-20T12:50:27 IST" duration-ms="345" status="PASS">
          <reporter-output>
          </reporter-output>
        </test-method> <!-- tearDown -->
      </class> <!-- basics.DropDown -->
    </test> <!-- Test1 -->
    <test started-at="2026-07-20T12:50:27 IST" name="Test2" finished-at="2026-07-20T12:50:47 IST" duration-ms="19679">
      <class name="basics.DropDown">
        <test-method is-config="true" signature="browserSetup(java.lang.String)[pri:0, instance:basics.DropDown@3bd82cf5]" started-at="2026-07-20T12:50:27 IST" name="browserSetup" finished-at="2026-07-20T12:50:29 IST" duration-ms="2254" status="PASS">
          <params>
            <param index="0">
              <value>
                <![CDATA[Edge]]>
              </value>
            </param>
          </params>
          <reporter-output>
          </reporter-output>
        </test-method> <!-- browserSetup -->
        <test-method signature="selectDropDown()[pri:0, instance:basics.DropDown@3bd82cf5]" started-at="2026-07-20T12:50:29 IST" name="selectDropDown" finished-at="2026-07-20T12:50:46 IST" duration-ms="16978" status="PASS">
          <reporter-output>
          </reporter-output>
        </test-method> <!-- selectDropDown -->
        <test-method is-config="true" signature="tearDown()[pri:0, instance:basics.DropDown@3bd82cf5]" started-at="2026-07-20T12:50:46 IST" name="tearDown" finished-at="2026-07-20T12:50:47 IST" duration-ms="439" status="PASS">
          <reporter-output>
          </reporter-output>
        </test-method> <!-- tearDown -->
      </class> <!-- basics.DropDown -->
    </test> <!-- Test2 -->
  </suite> <!-- Suite -->
</testng-results>
